<?xml version="1.0" encoding="UTF-8"?>
<!-- Generated by org.testng.reporters.JUnitReportReporter -->
<testsuite hostname="LAPTOP-4ADV37L1" failures="0" tests="1" name="sample.demotest" time="0.013" errors="0" timestamp="2023-11-29T16:03:41 IST" skipped="0">
  <testcase classname="sample.demotest" name="demopracticeTest" time="0.013"/>
  <system-out/>
</testsuite> <!-- sample.demotest -->
